Using pre-set license
Built from '6000.0/staging' branch; Version is '6000.0.32f1 (b2e806cf271c) revision 11724806'; Using compiler version '193933523'; Build Type 'Release'
OS: 'Windows 10  (10.0.19045) 64bit Professional' Language: 'ru' Physical Memory: 7514 MB
BatchMode: 1, IsHumanControllingUs: 0, StartBugReporterOnCrash: 0, Is64bit: 1, IsPro: 1

COMMAND LINE ARGUMENTS:
C:\Program Files\Microsoft Visual Studio\2022\Community\VC#\6000.0.32f1\Editor\Unity.exe
-adb2
-batchMode
-noUpm
-name
AssetImportWorker1
-projectPath
C:/Users/gzert/OneDrive/Документы/Unity/KrMagazine
-logFile
Logs/AssetImportWorker1.log
-srvPort
65338
-job-worker-count
5
-background-job-worker-count
8
-gc-helper-count
1
Successfully changed project path to: C:/Users/gzert/OneDrive/Документы/Unity/KrMagazine
C:/Users/gzert/OneDrive/Документы/Unity/KrMagazine
[UnityMemory] Configuration Parameters - Can be set up in boot.config
    "memorysetup-bucket-allocator-granularity=16"
    "memorysetup-bucket-allocator-bucket-count=8"
    "memorysetup-bucket-allocator-block-size=33554432"
    "memorysetup-bucket-allocator-block-count=8"
    "memorysetup-main-allocator-block-size=16777216"
    "memorysetup-thread-allocator-block-size=16777216"
    "memorysetup-gfx-main-allocator-block-size=16777216"
    "memorysetup-gfx-thread-allocator-block-size=16777216"
    "memorysetup-cache-allocator-block-size=4194304"
    "memorysetup-typetree-allocator-block-size=2097152"
    "memorysetup-profiler-bucket-allocator-granularity=16"
    "memorysetup-profiler-bucket-allocator-bucket-count=8"
    "memorysetup-profiler-bucket-allocator-block-size=33554432"
    "memorysetup-profiler-bucket-allocator-block-count=8"
    "memorysetup-profiler-allocator-block-size=16777216"
    "memorysetup-profiler-editor-allocator-block-size=1048576"
    "memorysetup-temp-allocator-size-main=16777216"
    "memorysetup-job-temp-allocator-block-size=2097152"
    "memorysetup-job-temp-allocator-block-size-background=1048576"
    "memorysetup-job-temp-allocator-reduction-small-platforms=262144"
    "memorysetup-allocator-temp-initial-block-size-main=262144"
    "memorysetup-allocator-temp-initial-block-size-worker=262144"
    "memorysetup-temp-allocator-size-background-worker=32768"
    "memorysetup-temp-allocator-size-job-worker=262144"
    "memorysetup-temp-allocator-size-preload-manager=33554432"
    "memorysetup-temp-allocator-size-nav-mesh-worker=65536"
    "memorysetup-temp-allocator-size-audio-worker=65536"
    "memorysetup-temp-allocator-size-cloud-worker=32768"
    "memorysetup-temp-allocator-size-gi-baking-worker=262144"
    "memorysetup-temp-allocator-size-gi-baking-worker=262144"
    "memorysetup-temp-allocator-size-gi-baking-worker=262144"
    "memorysetup-temp-allocator-size-gi-baking-worker=262144"
    "memorysetup-temp-allocator-size-gi-baking-worker=262144"
    "memorysetup-temp-allocator-size-gfx=262144"
Player connection [11928]  Target information:

Player connection [11928]  * "[IP] 192.168.56.1 [Port] 0 [Flags] 2 [Guid] 3749571408 [EditorId] 3749571408 [Version] 1048832 [Id] WindowsEditor(7,LAPTOP-N8NJD8KJ) [Debug] 1 [PackageName] WindowsEditor [ProjectName] Editor" 

Player connection [11928]  * "[IP] 192.168.56.2 [Port] 0 [Flags] 2 [Guid] 3749571408 [EditorId] 3749571408 [Version] 1048832 [Id] WindowsEditor(7,LAPTOP-N8NJD8KJ) [Debug] 1 [PackageName] WindowsEditor [ProjectName] Editor" 

Player connection [11928]  * "[IP] 172.25.224.1 [Port] 0 [Flags] 2 [Guid] 3749571408 [EditorId] 3749571408 [Version] 1048832 [Id] WindowsEditor(7,LAPTOP-N8NJD8KJ) [Debug] 1 [PackageName] WindowsEditor [ProjectName] Editor" 

Player connection [11928]  * "[IP] 172.20.160.1 [Port] 0 [Flags] 2 [Guid] 3749571408 [EditorId] 3749571408 [Version] 1048832 [Id] WindowsEditor(7,LAPTOP-N8NJD8KJ) [Debug] 1 [PackageName] WindowsEditor [ProjectName] Editor" 

Player connection [11928]  * "[IP] 172.17.32.1 [Port] 0 [Flags] 2 [Guid] 3749571408 [EditorId] 3749571408 [Version] 1048832 [Id] WindowsEditor(7,LAPTOP-N8NJD8KJ) [Debug] 1 [PackageName] WindowsEditor [ProjectName] Editor" 

Player connection [11928]  * "[IP] 172.18.240.1 [Port] 0 [Flags] 2 [Guid] 3749571408 [EditorId] 3749571408 [Version] 1048832 [Id] WindowsEditor(7,LAPTOP-N8NJD8KJ) [Debug] 1 [PackageName] WindowsEditor [ProjectName] Editor" 

Player connection [11928]  * "[IP] 172.17.249.62 [Port] 0 [Flags] 2 [Guid] 3749571408 [EditorId] 3749571408 [Version] 1048832 [Id] WindowsEditor(7,LAPTOP-N8NJD8KJ) [Debug] 1 [PackageName] WindowsEditor [ProjectName] Editor" 

Player connection [11928] Host joined multi-casting on [225.0.0.222:54997]...
Player connection [11928] Host joined alternative multi-casting on [225.0.0.222:34997]...
JobSystem: Creating JobQueue using job-worker-count value 5
[Physics::Module] Initialized fallback backend.
[Physics::Module] Id: 0xdecafbad
Library Redirect Path: Library/
[Physics::Module] Selected backend.
[Physics::Module] Name: PhysX
[Physics::Module] Id: 0xf2b8ea05
[Physics::Module] SDK Version: 4.1.2
[Physics::Module] Integration Version: 1.0.0
[Physics::Module] Threading Mode: Multi-Threaded
Refreshing native plugins compatible for Editor in 1.56 ms, found 3 plugins.
Preloading 0 native plugins for Editor in 0.00 ms.
Initialize engine version: 6000.0.32f1 (b2e806cf271c)
[Subsystems] Discovering subsystems at path C:/Program Files/Microsoft Visual Studio/2022/Community/VC#/6000.0.32f1/Editor/Data/Resources/UnitySubsystems
[Subsystems] Discovering subsystems at path C:/Users/gzert/OneDrive/Документы/Unity/KrMagazine/Assets
GfxDevice: creating device client; kGfxThreadingModeNonThreaded
Direct3D:
    Version:  Direct3D 11.0 [level 11.1]
    Renderer: NVIDIA GeForce GTX 1650 (ID=0x1f9d)
    Vendor:   NVIDIA
    VRAM:     3935 MB
    Driver:   32.0.15.7602
Initialize mono
Mono path[0] = 'C:/Program Files/Microsoft Visual Studio/2022/Community/VC#/6000.0.32f1/Editor/Data/Managed'
Mono path[1] = 'C:/Program Files/Microsoft Visual Studio/2022/Community/VC#/6000.0.32f1/Editor/Data/MonoBleedingEdge/lib/mono/unityjit-win32'
Mono config path = 'C:/Program Files/Microsoft Visual Studio/2022/Community/VC#/6000.0.32f1/Editor/Data/MonoBleedingEdge/etc'
Using monoOptions --debugger-agent=transport=dt_socket,embedding=1,server=y,suspend=n,address=127.0.0.1:56536
Begin MonoManager ReloadAssembly
Registering precompiled unity dll's ...
Register platform support module: C:/Program Files/Microsoft Visual Studio/2022/Community/VC#/6000.0.32f1/Editor/Data/PlaybackEngines/WebGLSupport/UnityEditor.WebGL.Extensions.dll
Register platform support module: C:/Program Files/Microsoft Visual Studio/2022/Community/VC#/6000.0.32f1/Editor/Data/PlaybackEngines/WindowsStandaloneSupport/UnityEditor.WindowsStandalone.Extensions.dll
Registered in 0.004842 seconds.
- Loaded All Assemblies, in  0.583 seconds
Native extension for WindowsStandalone target not found
Native extension for WebGL target not found
Mono: successfully reloaded assembly
- Finished resetting the current domain, in  0.570 seconds
Domain Reload Profiling: 1150ms
	BeginReloadAssembly (224ms)
		ExecutionOrderSort (0ms)
		DisableScriptedObjects (0ms)
		BackupInstance (0ms)
		ReleaseScriptingObjects (0ms)
		CreateAndSetChildDomain (1ms)
	RebuildCommonClasses (58ms)
	RebuildNativeTypeToScriptingClass (15ms)
	initialDomainReloadingComplete (80ms)
	LoadAllAssembliesAndSetupDomain (203ms)
		LoadAssemblies (221ms)
		RebuildTransferFunctionScriptingTraits (0ms)
		AnalyzeDomain (199ms)
			TypeCache.Refresh (197ms)
				TypeCache.ScanAssembly (181ms)
			BuildScriptInfoCaches (0ms)
			ResolveRequiredComponents (1ms)
	FinalizeReload (571ms)
		ReleaseScriptCaches (0ms)
		RebuildScriptCaches (0ms)
		SetupLoadedEditorAssemblies (513ms)
			LogAssemblyErrors (0ms)
			InitializePlatformSupportModulesInManaged (41ms)
			SetLoadedEditorAssemblies (7ms)
			BeforeProcessingInitializeOnLoad (91ms)
			ProcessInitializeOnLoadAttributes (292ms)
			ProcessInitializeOnLoadMethodAttributes (82ms)
			AfterProcessingInitializeOnLoad (0ms)
			EditorAssembliesLoaded (0ms)
		ExecutionOrderSort2 (0ms)
		AwakeInstancesAfterBackupRestoration (0ms)
========================================================================
Worker process is ready to serve import requests
Import Worker Mode flag is 0x00
Begin MonoManager ReloadAssembly
- Loaded All Assemblies, in  0.954 seconds
Refreshing native plugins compatible for Editor in 1.16 ms, found 3 plugins.
Native extension for WindowsStandalone target not found
Native extension for WebGL target not found
Mono: successfully reloaded assembly
- Finished resetting the current domain, in  0.943 seconds
Domain Reload Profiling: 1892ms
	BeginReloadAssembly (244ms)
		ExecutionOrderSort (0ms)
		DisableScriptedObjects (8ms)
		BackupInstance (0ms)
		ReleaseScriptingObjects (0ms)
		CreateAndSetChildDomain (47ms)
	RebuildCommonClasses (57ms)
	RebuildNativeTypeToScriptingClass (15ms)
	initialDomainReloadingComplete (50ms)
	LoadAllAssembliesAndSetupDomain (584ms)
		LoadAssemblies (458ms)
		RebuildTransferFunctionScriptingTraits (0ms)
		AnalyzeDomain (270ms)
			TypeCache.Refresh (204ms)
				TypeCache.ScanAssembly (179ms)
			BuildScriptInfoCaches (56ms)
			ResolveRequiredComponents (6ms)
	FinalizeReload (943ms)
		ReleaseScriptCaches (0ms)
		RebuildScriptCaches (0ms)
		SetupLoadedEditorAssemblies (753ms)
			LogAssemblyErrors (0ms)
			InitializePlatformSupportModulesInManaged (5ms)
			SetLoadedEditorAssemblies (7ms)
			BeforeProcessingInitializeOnLoad (137ms)
			ProcessInitializeOnLoadAttributes (552ms)
			ProcessInitializeOnLoadMethodAttributes (43ms)
			AfterProcessingInitializeOnLoad (8ms)
			EditorAssembliesLoaded (0ms)
		ExecutionOrderSort2 (0ms)
		AwakeInstancesAfterBackupRestoration (9ms)
Launched and connected shader compiler UnityShaderCompiler.exe after 0.02 seconds
Refreshing native plugins compatible for Editor in 1.93 ms, found 3 plugins.
Preloading 0 native plugins for Editor in 0.00 ms.
Unloading 8 Unused Serialized files (Serialized files now loaded: 0)
Unloading 3707 unused Assets / (1.0 MB). Loaded Objects now: 4193.
Memory consumption went from 82.7 MB to 81.7 MB.
Total: 25.492200 ms (FindLiveObjects: 4.397300 ms CreateObjectMapping: 2.835500 ms MarkObjects: 15.864500 ms  DeleteObjects: 2.391400 ms)

========================================================================
Received Import Request.
  Time since last request: 525170.709116 seconds.
  path: Assets/Materials/TextureSet3_Base_color.mat
  artifactKey: Guid(318af5bbdafeaa24da0e57d72a813ee8) Importer(815301076,1909f56bfc062723c751e8b465ee728b)
Start importing Assets/Materials/TextureSet3_Base_color.mat using Guid(318af5bbdafeaa24da0e57d72a813ee8) Importer(815301076,1909f56bfc062723c751e8b465ee728b) (PreviewImporter) -> (artifact id: '30832029d11f388768340d081a02552f') in 0.1500259 seconds
Number of updated asset objects reloaded before import = 0Number of asset objects unloaded after import = 1

========================================================================
Received Import Request.
  Time since last request: 625.188570 seconds.
  path: Assets/Materials/png/TextureSet2_Height.bmp
  artifactKey: Guid(71daf4421e5db73448f7f46e844adfb9) Importer(815301076,1909f56bfc062723c751e8b465ee728b)
Start importing Assets/Materials/png/TextureSet2_Height.bmp using Guid(71daf4421e5db73448f7f46e844adfb9) Importer(815301076,1909f56bfc062723c751e8b465ee728b) (PreviewImporter) -> (artifact id: '3807a8d5cab41fe5cb1570bbe0790b8d') in 0.4120032 seconds
Number of updated asset objects reloaded before import = 0Number of asset objects unloaded after import = 2

========================================================================
Received Import Request.
  Time since last request: 13.587154 seconds.
  path: Assets/Materials/cash register/TextureSet1_Metallic.bmp
  artifactKey: Guid(3aeab1ab26f72db45bfe2f5d7aefeb5b) Importer(815301076,1909f56bfc062723c751e8b465ee728b)
Start importing Assets/Materials/cash register/TextureSet1_Metallic.bmp using Guid(3aeab1ab26f72db45bfe2f5d7aefeb5b) Importer(815301076,1909f56bfc062723c751e8b465ee728b) (PreviewImporter) -> (artifact id: 'da773fbd987b1f9147624846d982aa28') in 0.0454013 seconds
Number of updated asset objects reloaded before import = 0Number of asset objects unloaded after import = 2

========================================================================
Received Import Request.
  Time since last request: 0.000043 seconds.
  path: Assets/Materials/cash register/TextureSet1_Mixed_AO.bmp
  artifactKey: Guid(0e5660a625667704cbd079010c2e355a) Importer(815301076,1909f56bfc062723c751e8b465ee728b)
Start importing Assets/Materials/cash register/TextureSet1_Mixed_AO.bmp using Guid(0e5660a625667704cbd079010c2e355a) Importer(815301076,1909f56bfc062723c751e8b465ee728b) (PreviewImporter) -> (artifact id: '10ef01e2626c8f7d4a8bd76d38a626b2') in 0.0283597 seconds
Number of updated asset objects reloaded before import = 0Number of asset objects unloaded after import = 2

========================================================================
Received Import Request.
  Time since last request: 0.000035 seconds.
  path: Assets/Materials/cash register/TextureSet1_Normal_OpenGL.bmp
  artifactKey: Guid(8378ebe08578cf74c944f61e0c3548c3) Importer(815301076,1909f56bfc062723c751e8b465ee728b)
Start importing Assets/Materials/cash register/TextureSet1_Normal_OpenGL.bmp using Guid(8378ebe08578cf74c944f61e0c3548c3) Importer(815301076,1909f56bfc062723c751e8b465ee728b) (PreviewImporter) -> (artifact id: 'de57586a9b4dd3721a06a6ee351761d1') in 0.0347357 seconds
Number of updated asset objects reloaded before import = 0Number of asset objects unloaded after import = 2

========================================================================
Received Import Request.
  Time since last request: 19.017680 seconds.
  path: Assets/Materials/Shelf/TextureSet4_Metallic.bmp
  artifactKey: Guid(c214db8d789c8144196e7afa66ef5de2) Importer(815301076,1909f56bfc062723c751e8b465ee728b)
Start importing Assets/Materials/Shelf/TextureSet4_Metallic.bmp using Guid(c214db8d789c8144196e7afa66ef5de2) Importer(815301076,1909f56bfc062723c751e8b465ee728b) (PreviewImporter) -> (artifact id: 'eba6a328af144cb656834da50b18ea1e') in 0.0268277 seconds
Number of updated asset objects reloaded before import = 0Number of asset objects unloaded after import = 2

========================================================================
Received Import Request.
  Time since last request: 0.000040 seconds.
  path: Assets/Materials/Shelf/TextureSet4_Mixed_AO.bmp
  artifactKey: Guid(7ea38f331b537bf46a74c98e2cc8b2a4) Importer(815301076,1909f56bfc062723c751e8b465ee728b)
Start importing Assets/Materials/Shelf/TextureSet4_Mixed_AO.bmp using Guid(7ea38f331b537bf46a74c98e2cc8b2a4) Importer(815301076,1909f56bfc062723c751e8b465ee728b) (PreviewImporter) -> (artifact id: '67d713acba2f61e13f348c64af994d2c') in 0.0317309 seconds
Number of updated asset objects reloaded before import = 0Number of asset objects unloaded after import = 2

========================================================================
Received Import Request.
  Time since last request: 33.251294 seconds.
  path: Assets/Materials/Products/TextureSet3_Metallic.bmp
  artifactKey: Guid(fab397f6c993f38468e28d333faf8d80) Importer(815301076,1909f56bfc062723c751e8b465ee728b)
Start importing Assets/Materials/Products/TextureSet3_Metallic.bmp using Guid(fab397f6c993f38468e28d333faf8d80) Importer(815301076,1909f56bfc062723c751e8b465ee728b) (PreviewImporter) -> (artifact id: '8487db92b175aecc7ede2e8e329a6b72') in 0.0323425 seconds
Number of updated asset objects reloaded before import = 0Number of asset objects unloaded after import = 2

========================================================================
Received Import Request.
  Time since last request: 0.000037 seconds.
  path: Assets/Materials/Products/TextureSet3_Roughness.bmp
  artifactKey: Guid(e36c612a7ab36fc45949b3e751bb8b33) Importer(815301076,1909f56bfc062723c751e8b465ee728b)
Start importing Assets/Materials/Products/TextureSet3_Roughness.bmp using Guid(e36c612a7ab36fc45949b3e751bb8b33) Importer(815301076,1909f56bfc062723c751e8b465ee728b) (PreviewImporter) -> (artifact id: '1808b805926fb9322cb657621125fedb') in 0.0252626 seconds
Number of updated asset objects reloaded before import = 0Number of asset objects unloaded after import = 2

========================================================================
Received Import Request.
  Time since last request: 36.466997 seconds.
  path: Assets/Materials/Chair/TextureSet4_Metallic.bmp
  artifactKey: Guid(d27cdff68449e4d439df3ad652340e66) Importer(815301076,1909f56bfc062723c751e8b465ee728b)
Start importing Assets/Materials/Chair/TextureSet4_Metallic.bmp using Guid(d27cdff68449e4d439df3ad652340e66) Importer(815301076,1909f56bfc062723c751e8b465ee728b) (PreviewImporter) -> (artifact id: '6478fe9129975896d6c6deeaa1121bc3') in 0.0311158 seconds
Number of updated asset objects reloaded before import = 0Number of asset objects unloaded after import = 2

========================================================================
Received Import Request.
  Time since last request: 0.000139 seconds.
  path: Assets/Materials/Chair/TextureSet4_Mixed_AO.bmp
  artifactKey: Guid(be1682cade2fe5c4b8515ff88c32cae6) Importer(815301076,1909f56bfc062723c751e8b465ee728b)
Start importing Assets/Materials/Chair/TextureSet4_Mixed_AO.bmp using Guid(be1682cade2fe5c4b8515ff88c32cae6) Importer(815301076,1909f56bfc062723c751e8b465ee728b) (PreviewImporter) -> (artifact id: '8252d910b3c4efb8dcae74ec1fa68724') in 0.0256132 seconds
Number of updated asset objects reloaded before import = 0Number of asset objects unloaded after import = 2

