Using pre-set license
Built from '6000.0/staging' branch; Version is '6000.0.32f1 (b2e806cf271c) revision 11724806'; Using compiler version '193933523'; Build Type 'Release'
OS: 'Windows 10  (10.0.19045) 64bit Professional' Language: 'ru' Physical Memory: 7514 MB
BatchMode: 1, IsHumanControllingUs: 0, StartBugReporterOnCrash: 0, Is64bit: 1, IsPro: 1

COMMAND LINE ARGUMENTS:
C:\Program Files\Microsoft Visual Studio\2022\Community\VC#\6000.0.32f1\Editor\Unity.exe
-adb2
-batchMode
-noUpm
-name
AssetImportWorker0
-projectPath
C:/Users/gzert/OneDrive/Документы/Unity/KrMagazine
-logFile
Logs/AssetImportWorker0.log
-srvPort
64033
-job-worker-count
5
-background-job-worker-count
8
-gc-helper-count
1
Successfully changed project path to: C:/Users/gzert/OneDrive/Документы/Unity/KrMagazine
C:/Users/gzert/OneDrive/Документы/Unity/KrMagazine
[UnityMemory] Configuration Parameters - Can be set up in boot.config
    "memorysetup-bucket-allocator-granularity=16"
    "memorysetup-bucket-allocator-bucket-count=8"
    "memorysetup-bucket-allocator-block-size=33554432"
    "memorysetup-bucket-allocator-block-count=8"
    "memorysetup-main-allocator-block-size=16777216"
    "memorysetup-thread-allocator-block-size=16777216"
    "memorysetup-gfx-main-allocator-block-size=16777216"
    "memorysetup-gfx-thread-allocator-block-size=16777216"
    "memorysetup-cache-allocator-block-size=4194304"
    "memorysetup-typetree-allocator-block-size=2097152"
    "memorysetup-profiler-bucket-allocator-granularity=16"
    "memorysetup-profiler-bucket-allocator-bucket-count=8"
    "memorysetup-profiler-bucket-allocator-block-size=33554432"
    "memorysetup-profiler-bucket-allocator-block-count=8"
    "memorysetup-profiler-allocator-block-size=16777216"
    "memorysetup-profiler-editor-allocator-block-size=1048576"
    "memorysetup-temp-allocator-size-main=16777216"
    "memorysetup-job-temp-allocator-block-size=2097152"
    "memorysetup-job-temp-allocator-block-size-background=1048576"
    "memorysetup-job-temp-allocator-reduction-small-platforms=262144"
    "memorysetup-allocator-temp-initial-block-size-main=262144"
    "memorysetup-allocator-temp-initial-block-size-worker=262144"
    "memorysetup-temp-allocator-size-background-worker=32768"
    "memorysetup-temp-allocator-size-job-worker=262144"
    "memorysetup-temp-allocator-size-preload-manager=33554432"
    "memorysetup-temp-allocator-size-nav-mesh-worker=65536"
    "memorysetup-temp-allocator-size-audio-worker=65536"
    "memorysetup-temp-allocator-size-cloud-worker=32768"
    "memorysetup-temp-allocator-size-gi-baking-worker=262144"
    "memorysetup-temp-allocator-size-gi-baking-worker=262144"
    "memorysetup-temp-allocator-size-gi-baking-worker=262144"
    "memorysetup-temp-allocator-size-gi-baking-worker=262144"
    "memorysetup-temp-allocator-size-gi-baking-worker=262144"
    "memorysetup-temp-allocator-size-gfx=262144"
Player connection [18824]  Target information:

Player connection [18824]  * "[IP] 192.168.56.1 [Port] 0 [Flags] 2 [Guid] 3263526691 [EditorId] 3263526691 [Version] 1048832 [Id] WindowsEditor(7,LAPTOP-N8NJD8KJ) [Debug] 1 [PackageName] WindowsEditor [ProjectName] Editor" 

Player connection [18824]  * "[IP] 192.168.56.2 [Port] 0 [Flags] 2 [Guid] 3263526691 [EditorId] 3263526691 [Version] 1048832 [Id] WindowsEditor(7,LAPTOP-N8NJD8KJ) [Debug] 1 [PackageName] WindowsEditor [ProjectName] Editor" 

Player connection [18824]  * "[IP] 172.22.160.1 [Port] 0 [Flags] 2 [Guid] 3263526691 [EditorId] 3263526691 [Version] 1048832 [Id] WindowsEditor(7,LAPTOP-N8NJD8KJ) [Debug] 1 [PackageName] WindowsEditor [ProjectName] Editor" 

Player connection [18824]  * "[IP] 172.27.64.1 [Port] 0 [Flags] 2 [Guid] 3263526691 [EditorId] 3263526691 [Version] 1048832 [Id] WindowsEditor(7,LAPTOP-N8NJD8KJ) [Debug] 1 [PackageName] WindowsEditor [ProjectName] Editor" 

Player connection [18824]  * "[IP] 172.17.144.1 [Port] 0 [Flags] 2 [Guid] 3263526691 [EditorId] 3263526691 [Version] 1048832 [Id] WindowsEditor(7,LAPTOP-N8NJD8KJ) [Debug] 1 [PackageName] WindowsEditor [ProjectName] Editor" 

Player connection [18824]  * "[IP] 172.31.64.1 [Port] 0 [Flags] 2 [Guid] 3263526691 [EditorId] 3263526691 [Version] 1048832 [Id] WindowsEditor(7,LAPTOP-N8NJD8KJ) [Debug] 1 [PackageName] WindowsEditor [ProjectName] Editor" 

Player connection [18824]  * "[IP] 192.168.116.86 [Port] 0 [Flags] 2 [Guid] 3263526691 [EditorId] 3263526691 [Version] 1048832 [Id] WindowsEditor(7,LAPTOP-N8NJD8KJ) [Debug] 1 [PackageName] WindowsEditor [ProjectName] Editor" 

Player connection [18824] Host joined multi-casting on [225.0.0.222:54997]...
Player connection [18824] Host joined alternative multi-casting on [225.0.0.222:34997]...
JobSystem: Creating JobQueue using job-worker-count value 5
[Physics::Module] Initialized fallback backend.
[Physics::Module] Id: 0xdecafbad
Library Redirect Path: Library/
[Physics::Module] Selected backend.
[Physics::Module] Name: PhysX
[Physics::Module] Id: 0xf2b8ea05
[Physics::Module] SDK Version: 4.1.2
[Physics::Module] Integration Version: 1.0.0
[Physics::Module] Threading Mode: Multi-Threaded
Refreshing native plugins compatible for Editor in 1.60 ms, found 3 plugins.
Preloading 0 native plugins for Editor in 0.00 ms.
Initialize engine version: 6000.0.32f1 (b2e806cf271c)
[Subsystems] Discovering subsystems at path C:/Program Files/Microsoft Visual Studio/2022/Community/VC#/6000.0.32f1/Editor/Data/Resources/UnitySubsystems
[Subsystems] Discovering subsystems at path C:/Users/gzert/OneDrive/Документы/Unity/KrMagazine/Assets
GfxDevice: creating device client; kGfxThreadingModeNonThreaded
Direct3D:
    Version:  Direct3D 11.0 [level 11.1]
    Renderer: NVIDIA GeForce GTX 1650 (ID=0x1f9d)
    Vendor:   NVIDIA
    VRAM:     3935 MB
    Driver:   32.0.15.7602
Initialize mono
Mono path[0] = 'C:/Program Files/Microsoft Visual Studio/2022/Community/VC#/6000.0.32f1/Editor/Data/Managed'
Mono path[1] = 'C:/Program Files/Microsoft Visual Studio/2022/Community/VC#/6000.0.32f1/Editor/Data/MonoBleedingEdge/lib/mono/unityjit-win32'
Mono config path = 'C:/Program Files/Microsoft Visual Studio/2022/Community/VC#/6000.0.32f1/Editor/Data/MonoBleedingEdge/etc'
Using monoOptions --debugger-agent=transport=dt_socket,embedding=1,server=y,suspend=n,address=127.0.0.1:56452
Begin MonoManager ReloadAssembly
Registering precompiled unity dll's ...
Register platform support module: C:/Program Files/Microsoft Visual Studio/2022/Community/VC#/6000.0.32f1/Editor/Data/PlaybackEngines/WebGLSupport/UnityEditor.WebGL.Extensions.dll
Register platform support module: C:/Program Files/Microsoft Visual Studio/2022/Community/VC#/6000.0.32f1/Editor/Data/PlaybackEngines/WindowsStandaloneSupport/UnityEditor.WindowsStandalone.Extensions.dll
Registered in 0.004576 seconds.
- Loaded All Assemblies, in  0.506 seconds
Native extension for WindowsStandalone target not found
Native extension for WebGL target not found
Mono: successfully reloaded assembly
- Finished resetting the current domain, in  0.425 seconds
Domain Reload Profiling: 930ms
	BeginReloadAssembly (182ms)
		ExecutionOrderSort (0ms)
		DisableScriptedObjects (0ms)
		BackupInstance (0ms)
		ReleaseScriptingObjects (0ms)
		CreateAndSetChildDomain (1ms)
	RebuildCommonClasses (48ms)
	RebuildNativeTypeToScriptingClass (14ms)
	initialDomainReloadingComplete (60ms)
	LoadAllAssembliesAndSetupDomain (199ms)
		LoadAssemblies (179ms)
		RebuildTransferFunctionScriptingTraits (0ms)
		AnalyzeDomain (195ms)
			TypeCache.Refresh (193ms)
				TypeCache.ScanAssembly (177ms)
			BuildScriptInfoCaches (0ms)
			ResolveRequiredComponents (1ms)
	FinalizeReload (426ms)
		ReleaseScriptCaches (0ms)
		RebuildScriptCaches (0ms)
		SetupLoadedEditorAssemblies (378ms)
			LogAssemblyErrors (0ms)
			InitializePlatformSupportModulesInManaged (38ms)
			SetLoadedEditorAssemblies (5ms)
			BeforeProcessingInitializeOnLoad (71ms)
			ProcessInitializeOnLoadAttributes (196ms)
			ProcessInitializeOnLoadMethodAttributes (67ms)
			AfterProcessingInitializeOnLoad (0ms)
			EditorAssembliesLoaded (0ms)
		ExecutionOrderSort2 (0ms)
		AwakeInstancesAfterBackupRestoration (0ms)
========================================================================
Worker process is ready to serve import requests
Import Worker Mode flag is 0x00
Begin MonoManager ReloadAssembly
- Loaded All Assemblies, in  0.891 seconds
Refreshing native plugins compatible for Editor in 1.20 ms, found 3 plugins.
Native extension for WindowsStandalone target not found
Native extension for WebGL target not found
Mono: successfully reloaded assembly
- Finished resetting the current domain, in  0.686 seconds
Domain Reload Profiling: 1573ms
	BeginReloadAssembly (216ms)
		ExecutionOrderSort (0ms)
		DisableScriptedObjects (7ms)
		BackupInstance (0ms)
		ReleaseScriptingObjects (0ms)
		CreateAndSetChildDomain (38ms)
	RebuildCommonClasses (46ms)
	RebuildNativeTypeToScriptingClass (14ms)
	initialDomainReloadingComplete (44ms)
	LoadAllAssembliesAndSetupDomain (567ms)
		LoadAssemblies (430ms)
		RebuildTransferFunctionScriptingTraits (0ms)
		AnalyzeDomain (270ms)
			TypeCache.Refresh (213ms)
				TypeCache.ScanAssembly (196ms)
			BuildScriptInfoCaches (48ms)
			ResolveRequiredComponents (5ms)
	FinalizeReload (687ms)
		ReleaseScriptCaches (0ms)
		RebuildScriptCaches (0ms)
		SetupLoadedEditorAssemblies (552ms)
			LogAssemblyErrors (0ms)
			InitializePlatformSupportModulesInManaged (4ms)
			SetLoadedEditorAssemblies (5ms)
			BeforeProcessingInitializeOnLoad (101ms)
			ProcessInitializeOnLoadAttributes (405ms)
			ProcessInitializeOnLoadMethodAttributes (30ms)
			AfterProcessingInitializeOnLoad (7ms)
			EditorAssembliesLoaded (0ms)
		ExecutionOrderSort2 (0ms)
		AwakeInstancesAfterBackupRestoration (7ms)
Launched and connected shader compiler UnityShaderCompiler.exe after 0.01 seconds
Refreshing native plugins compatible for Editor in 1.73 ms, found 3 plugins.
Preloading 0 native plugins for Editor in 0.00 ms.
Unloading 8 Unused Serialized files (Serialized files now loaded: 0)
Unloading 3707 unused Assets / (1.2 MB). Loaded Objects now: 4193.
Memory consumption went from 82.8 MB to 81.6 MB.
Total: 13.984300 ms (FindLiveObjects: 1.209700 ms CreateObjectMapping: 1.013100 ms MarkObjects: 9.373500 ms  DeleteObjects: 2.384300 ms)

========================================================================
Received Import Request.
  Time since last request: 586357.750555 seconds.
  path: Assets/Bake_chair_low 1.fbx
  artifactKey: Guid(4b0f2956143707a48962ac597007ccfe) Importer(815301076,1909f56bfc062723c751e8b465ee728b)
Start importing Assets/Bake_chair_low 1.fbx using Guid(4b0f2956143707a48962ac597007ccfe) Importer(815301076,1909f56bfc062723c751e8b465ee728b) (PreviewImporter) -> (artifact id: '20f24e104ae2b02d5a3ebd2e986c689c') in 0.2799548 seconds
Number of updated asset objects reloaded before import = 0Number of asset objects unloaded after import = 18

========================================================================
Received Import Request.
  Time since last request: 52.057842 seconds.
  path: Assets/Materials/Chair/TextureSet4_Base_color 1.bmp
  artifactKey: Guid(e2813d3bc02dd964a93a5e5ab61321be) Importer(815301076,1909f56bfc062723c751e8b465ee728b)
Start importing Assets/Materials/Chair/TextureSet4_Base_color 1.bmp using Guid(e2813d3bc02dd964a93a5e5ab61321be) Importer(815301076,1909f56bfc062723c751e8b465ee728b) (PreviewImporter) -> (artifact id: '4d444dfb7325ce540457c59d714c3ad6') in 0.0653816 seconds
Number of updated asset objects reloaded before import = 0Number of asset objects unloaded after import = 2

========================================================================
Received Import Request.
  Time since last request: 0.000027 seconds.
  path: Assets/Materials/Chair/TextureSet4_Normal_OpenGL 1.bmp
  artifactKey: Guid(94bc41d831694c848af84326a37905ef) Importer(815301076,1909f56bfc062723c751e8b465ee728b)
Start importing Assets/Materials/Chair/TextureSet4_Normal_OpenGL 1.bmp using Guid(94bc41d831694c848af84326a37905ef) Importer(815301076,1909f56bfc062723c751e8b465ee728b) (PreviewImporter) -> (artifact id: '573549a08ffa16a5b26a6ca7681e246c') in 0.0264984 seconds
Number of updated asset objects reloaded before import = 0Number of asset objects unloaded after import = 2

========================================================================
Received Import Request.
  Time since last request: 0.000024 seconds.
  path: Assets/Materials/Chair/TextureSet4_Roughness 1.bmp
  artifactKey: Guid(2c132a13a8fd3d64c88426d8289bfe9b) Importer(815301076,1909f56bfc062723c751e8b465ee728b)
Start importing Assets/Materials/Chair/TextureSet4_Roughness 1.bmp using Guid(2c132a13a8fd3d64c88426d8289bfe9b) Importer(815301076,1909f56bfc062723c751e8b465ee728b) (PreviewImporter) -> (artifact id: 'abc4248cc21fba4ef21ddbcc79356e6f') in 0.0227835 seconds
Number of updated asset objects reloaded before import = 0Number of asset objects unloaded after import = 2

========================================================================
Received Import Request.
  Time since last request: 0.000030 seconds.
  path: Assets/Materials/Chair/TextureSet4_Normal 1.bmp
  artifactKey: Guid(dd3ef883f5c83d14abb50f8df84a57d9) Importer(815301076,1909f56bfc062723c751e8b465ee728b)
Start importing Assets/Materials/Chair/TextureSet4_Normal 1.bmp using Guid(dd3ef883f5c83d14abb50f8df84a57d9) Importer(815301076,1909f56bfc062723c751e8b465ee728b) (PreviewImporter) -> (artifact id: '0781263fc0a9fe69726073925fbde0c4') in 0.0242783 seconds
Number of updated asset objects reloaded before import = 0Number of asset objects unloaded after import = 2

========================================================================
Received Import Request.
  Time since last request: 0.000041 seconds.
  path: Assets/Materials/Chair/TextureSet4_Mixed_AO 1.bmp
  artifactKey: Guid(540541c64f859d5469b4ddd8ed1d56b8) Importer(815301076,1909f56bfc062723c751e8b465ee728b)
Start importing Assets/Materials/Chair/TextureSet4_Mixed_AO 1.bmp using Guid(540541c64f859d5469b4ddd8ed1d56b8) Importer(815301076,1909f56bfc062723c751e8b465ee728b) (PreviewImporter) -> (artifact id: '0e84820d00b940f0a85d9b8e884f9196') in 0.0242257 seconds
Number of updated asset objects reloaded before import = 0Number of asset objects unloaded after import = 2

========================================================================
Received Import Request.
  Time since last request: 19.707109 seconds.
  path: Assets/Materials/Chair/TextureSet4_Metallic.bmp
  artifactKey: Guid(d27cdff68449e4d439df3ad652340e66) Importer(815301076,1909f56bfc062723c751e8b465ee728b)
Start importing Assets/Materials/Chair/TextureSet4_Metallic.bmp using Guid(d27cdff68449e4d439df3ad652340e66) Importer(815301076,1909f56bfc062723c751e8b465ee728b) (PreviewImporter) -> (artifact id: '2fdfbad3f31efd04a72b20b3b42b347f') in 0.0155052 seconds
Number of updated asset objects reloaded before import = 0Number of asset objects unloaded after import = 2

========================================================================
Received Import Request.
  Time since last request: 0.000035 seconds.
  path: Assets/Materials/Chair/TextureSet4_Roughness.bmp
  artifactKey: Guid(952c569ec1b36ec46a23fa59bfebf72a) Importer(815301076,1909f56bfc062723c751e8b465ee728b)
Start importing Assets/Materials/Chair/TextureSet4_Roughness.bmp using Guid(952c569ec1b36ec46a23fa59bfebf72a) Importer(815301076,1909f56bfc062723c751e8b465ee728b) (PreviewImporter) -> (artifact id: '77651b0a538b1801da37bfcb96144518') in 0.0122527 seconds
Number of updated asset objects reloaded before import = 0Number of asset objects unloaded after import = 2

========================================================================
Received Import Request.
  Time since last request: 0.000062 seconds.
  path: Assets/Materials/Chair/TextureSet4_Normal.bmp
  artifactKey: Guid(6a9d535e41950db4db400a10c7173bb6) Importer(815301076,1909f56bfc062723c751e8b465ee728b)
Start importing Assets/Materials/Chair/TextureSet4_Normal.bmp using Guid(6a9d535e41950db4db400a10c7173bb6) Importer(815301076,1909f56bfc062723c751e8b465ee728b) (PreviewImporter) -> (artifact id: '710056abbb098efef4ed8144a2666848') in 0.0241617 seconds
Number of updated asset objects reloaded before import = 0Number of asset objects unloaded after import = 2

========================================================================
Received Import Request.
  Time since last request: 68.004775 seconds.
  path: Assets/Materials/Chair/New Material 1.mat
  artifactKey: Guid(9c8017f8eb9455e42b250ea33db71097) Importer(815301076,1909f56bfc062723c751e8b465ee728b)
Start importing Assets/Materials/Chair/New Material 1.mat using Guid(9c8017f8eb9455e42b250ea33db71097) Importer(815301076,1909f56bfc062723c751e8b465ee728b) (PreviewImporter) -> (artifact id: 'e74b9aa1ed509dbf225cb0c14c6a7db7') in 0.0194757 seconds
Number of updated asset objects reloaded before import = 0Number of asset objects unloaded after import = 1

========================================================================
Received Import Request.
  Time since last request: 13.967558 seconds.
  path: Assets/Materials/Chair/TextureSet4_Normal_OpenGL.bmp
  artifactKey: Guid(6ddcfeb2ebe14fb4a832c34c0637ca86) Importer(815301076,1909f56bfc062723c751e8b465ee728b)
Start importing Assets/Materials/Chair/TextureSet4_Normal_OpenGL.bmp using Guid(6ddcfeb2ebe14fb4a832c34c0637ca86) Importer(815301076,1909f56bfc062723c751e8b465ee728b) (PreviewImporter) -> (artifact id: 'aed7a24f03ce736093a2ff068391200c') in 0.0449898 seconds
Number of updated asset objects reloaded before import = 0Number of asset objects unloaded after import = 2

========================================================================
Received Import Request.
  Time since last request: 44.299972 seconds.
  path: Assets/Materials/Chair/New Material 1.mat
  artifactKey: Guid(9c8017f8eb9455e42b250ea33db71097) Importer(815301076,1909f56bfc062723c751e8b465ee728b)
Start importing Assets/Materials/Chair/New Material 1.mat using Guid(9c8017f8eb9455e42b250ea33db71097) Importer(815301076,1909f56bfc062723c751e8b465ee728b) (PreviewImporter) -> (artifact id: 'cca8722393331c36a58025de029e8dc4') in 0.0567268 seconds
Number of updated asset objects reloaded before import = 0Number of asset objects unloaded after import = 6

========================================================================
Received Prepare
Begin MonoManager ReloadAssembly
- Loaded All Assemblies, in  0.846 seconds
Refreshing native plugins compatible for Editor in 1.06 ms, found 3 plugins.
Native extension for WindowsStandalone target not found
Native extension for WebGL target not found
Mono: successfully reloaded assembly
- Finished resetting the current domain, in  0.635 seconds
Domain Reload Profiling: 1479ms
	BeginReloadAssembly (285ms)
		ExecutionOrderSort (0ms)
		DisableScriptedObjects (6ms)
		BackupInstance (0ms)
		ReleaseScriptingObjects (0ms)
		CreateAndSetChildDomain (56ms)
	RebuildCommonClasses (48ms)
	RebuildNativeTypeToScriptingClass (15ms)
	initialDomainReloadingComplete (31ms)
	LoadAllAssembliesAndSetupDomain (466ms)
		LoadAssemblies (459ms)
		RebuildTransferFunctionScriptingTraits (0ms)
		AnalyzeDomain (184ms)
			TypeCache.Refresh (8ms)
				TypeCache.ScanAssembly (0ms)
			BuildScriptInfoCaches (168ms)
			ResolveRequiredComponents (5ms)
	FinalizeReload (636ms)
		ReleaseScriptCaches (0ms)
		RebuildScriptCaches (0ms)
		SetupLoadedEditorAssemblies (506ms)
			LogAssemblyErrors (0ms)
			InitializePlatformSupportModulesInManaged (3ms)
			SetLoadedEditorAssemblies (4ms)
			BeforeProcessingInitializeOnLoad (98ms)
			ProcessInitializeOnLoadAttributes (365ms)
			ProcessInitializeOnLoadMethodAttributes (29ms)
			AfterProcessingInitializeOnLoad (6ms)
			EditorAssembliesLoaded (0ms)
		ExecutionOrderSort2 (0ms)
		AwakeInstancesAfterBackupRestoration (6ms)
Refreshing native plugins compatible for Editor in 2.24 ms, found 3 plugins.
Preloading 0 native plugins for Editor in 0.00 ms.
Unloading 1 Unused Serialized files (Serialized files now loaded: 0)
Unloading 3705 unused Assets / (1.1 MB). Loaded Objects now: 4244.
Memory consumption went from 87.1 MB to 85.9 MB.
Total: 12.375800 ms (FindLiveObjects: 1.040500 ms CreateObjectMapping: 0.986800 ms MarkObjects: 8.071800 ms  DeleteObjects: 2.272600 ms)

Prepare: number of updated asset objects reloaded= 0
